TN:
SF:src\types.ts
FNF:0
FNH:0
LF:0
LH:0
BRF:0
BRH:0
end_of_record
TN:
SF:src\components\ConfirmDeleteDialog.tsx
FN:11,ConfirmDeleteDialog
FNF:1
FNH:1
FNDA:17,ConfirmDeleteDialog
DA:17,17
LF:1
LH:1
BRDA:23,0,0,5
BRDA:23,0,1,12
BRF:2
BRH:2
end_of_record
TN:
SF:src\components\TaskCard.tsx
FN:10,TaskCard
FN:23,(anonymous_1)
FNF:2
FNH:2
FNDA:17,TaskCard
FNDA:4,(anonymous_1)
DA:11,17
DA:12,17
DA:23,4
LF:3
LH:3
BRDA:19,0,0,3
BRDA:19,0,1,14
BRDA:20,1,0,3
BRDA:20,1,1,14
BRF:4
BRH:4
end_of_record
TN:
SF:src\components\TaskForm.tsx
FN:8,TaskForm
FN:11,(anonymous_1)
FNF:2
FNH:2
FNDA:22,TaskForm
FNDA:6,(anonymous_1)
DA:9,22
DA:11,22
DA:12,6
DA:13,5
DA:16,22
LF:5
LH:5
BRDA:12,0,0,1
BRDA:12,0,1,5
BRF:2
BRH:2
end_of_record
TN:
SF:src\components\TaskList.tsx
FN:11,TaskList
FN:11,(anonymous_1)
FN:23,(anonymous_2)
FN:24,(anonymous_3)
FNF:4
FNH:3
FNDA:17,TaskList
FNDA:0,(anonymous_1)
FNDA:17,(anonymous_2)
FNDA:11,(anonymous_3)
DA:12,17
DA:13,8
DA:16,9
DA:23,17
DA:24,11
LF:5
LH:5
BRDA:11,0,0,0
BRDA:12,1,0,8
BRDA:12,1,1,9
BRDA:19,2,0,7
BRDA:19,2,1,2
BRF:5
BRH:4
end_of_record
TN:
SF:src\hooks\useCounter.ts
FN:3,useCounter
FN:6,(anonymous_1)
FN:6,(anonymous_2)
FN:7,(anonymous_3)
FN:7,(anonymous_4)
FN:8,(anonymous_5)
FNF:6
FNH:6
FNDA:9,useCounter
FNDA:3,(anonymous_1)
FNDA:3,(anonymous_2)
FNDA:1,(anonymous_3)
FNDA:1,(anonymous_4)
FNDA:1,(anonymous_5)
DA:4,9
DA:6,9
DA:7,9
DA:8,9
DA:10,9
LF:5
LH:5
BRDA:3,0,0,1
BRF:1
BRH:1
end_of_record
TN:
SF:src\hooks\useCreateTask.ts
FN:5,useCreateTask
FN:9,(anonymous_1)
FN:13,(anonymous_2)
FN:20,(anonymous_3)
FN:21,(anonymous_4)
FN:21,(anonymous_5)
FNF:6
FNH:6
FNDA:20,useCreateTask
FNDA:7,(anonymous_1)
FNDA:5,(anonymous_2)
FNDA:2,(anonymous_3)
FNDA:2,(anonymous_4)
FNDA:2,(anonymous_5)
DA:6,20
DA:7,20
DA:9,20
DA:10,7
DA:11,7
DA:12,7
DA:13,5
DA:14,5
DA:16,2
DA:20,20
DA:21,2
DA:24,20
LF:12
LH:12
BRF:0
BRH:0
end_of_record
TN:
SF:src\hooks\useTaskList.ts
FN:4,useTaskList
FN:8,(anonymous_1)
FN:19,(anonymous_2)
FN:22,(anonymous_3)
FN:23,(anonymous_4)
FN:23,(anonymous_5)
FNF:6
FNH:6
FNDA:7,useTaskList
FNDA:2,(anonymous_1)
FNDA:1,(anonymous_2)
FNDA:1,(anonymous_3)
FNDA:1,(anonymous_4)
FNDA:1,(anonymous_5)
DA:5,7
DA:6,7
DA:8,7
DA:9,2
DA:10,1
DA:11,1
DA:13,1
DA:14,1
DA:19,1
DA:22,7
DA:23,1
DA:26,7
DA:28,7
LF:13
LH:13
BRDA:4,0,0,0
BRDA:9,1,0,1
BRDA:9,1,1,1
BRF:3
BRH:2
end_of_record
TN:
SF:src\schemas\taskSchema.ts
FNF:0
FNH:0
DA:3,1
DA:10,1
LF:2
LH:2
BRF:0
BRH:0
end_of_record
TN:
SF:src\screens\CreateTaskScreen.tsx
FN:9,CreateTaskScreen
FN:14,(anonymous_1)
FN:37,(anonymous_2)
FN:38,(anonymous_3)
FNF:4
FNH:4
FNDA:13,CreateTaskScreen
FNDA:6,(anonymous_1)
FNDA:1,(anonymous_2)
FNDA:1,(anonymous_3)
DA:10,13
DA:11,13
DA:12,13
DA:14,13
DA:16,13
DA:37,1
DA:39,1
DA:40,1
LF:8
LH:8
BRDA:23,0,0,13
BRDA:23,0,1,7
BRDA:28,1,0,13
BRDA:28,1,1,1
BRDA:39,2,0,1
BRDA:39,2,1,0
BRF:6
BRH:5
end_of_record
TN:
SF:src\services\taskService.ts
FN:5,fetchTasks
FN:11,createTask
FNF:2
FNH:2
FNDA:2,fetchTasks
FNDA:1,createTask
DA:3,3
DA:6,2
DA:7,2
DA:8,1
DA:14,1
LF:5
LH:5
BRDA:7,0,0,1
BRDA:7,0,1,1
BRF:2
BRH:2
end_of_record
TN:
SF:src\utils\filterTasks.ts
FN:7,filterTasksByStatus
FN:12,(anonymous_1)
FNF:2
FNH:2
FNDA:8,filterTasksByStatus
FNDA:6,(anonymous_1)
DA:5,2
DA:8,8
DA:9,2
DA:11,6
DA:12,6
LF:5
LH:5
BRDA:8,0,0,2
BRDA:8,0,1,6
BRDA:11,1,0,2
BRDA:11,1,1,4
BRF:4
BRH:4
end_of_record
TN:
SF:src\utils\validateTask.ts
FN:1,validateTaskTitle
FNF:1
FNH:1
FNDA:12,validateTaskTitle
DA:2,12
DA:3,6
DA:5,6
DA:6,2
DA:8,4
DA:9,2
DA:11,2
LF:7
LH:7
BRDA:2,0,0,6
BRDA:2,0,1,6
BRDA:2,1,0,12
BRDA:2,1,1,8
BRDA:5,2,0,2
BRDA:5,2,1,4
BRDA:8,3,0,2
BRDA:8,3,1,2
BRF:8
BRH:8
end_of_record
